0 info it worked if it ends with ok
1 verbose cli [ '/usr/bin/nodejs',
1 verbose cli   '/usr/bin/npm',
1 verbose cli   'install',
1 verbose cli   'node-opencv-zbar',
1 verbose cli   '--save' ]
2 info using npm@2.15.0
3 info using node@v4.4.2
4 verbose install initial load of /root/hackprinceton/Chef/package.json
5 verbose installManyTop reading scoped package data from /root/hackprinceton/Chef/node_modules/async/package.json
6 verbose installManyTop reading scoped package data from /root/hackprinceton/Chef/node_modules/body-parser/package.json
7 verbose installManyTop reading scoped package data from /root/hackprinceton/Chef/node_modules/cookie-parser/package.json
8 verbose installManyTop reading scoped package data from /root/hackprinceton/Chef/node_modules/debug/package.json
9 verbose installManyTop reading scoped package data from /root/hackprinceton/Chef/node_modules/easyimage/package.json
10 verbose installManyTop reading scoped package data from /root/hackprinceton/Chef/node_modules/ejs/package.json
11 verbose installManyTop reading scoped package data from /root/hackprinceton/Chef/node_modules/exphbs/package.json
12 verbose installManyTop reading scoped package data from /root/hackprinceton/Chef/node_modules/express/package.json
13 verbose installManyTop reading scoped package data from /root/hackprinceton/Chef/node_modules/express-handlebars/package.json
14 verbose installManyTop reading scoped package data from /root/hackprinceton/Chef/node_modules/http/package.json
15 verbose installManyTop reading scoped package data from /root/hackprinceton/Chef/node_modules/lodash/package.json
16 verbose installManyTop reading scoped package data from /root/hackprinceton/Chef/node_modules/math/package.json
17 verbose installManyTop reading scoped package data from /root/hackprinceton/Chef/node_modules/morgan/package.json
18 verbose installManyTop reading scoped package data from /root/hackprinceton/Chef/node_modules/multer/package.json
19 verbose installManyTop reading scoped package data from /root/hackprinceton/Chef/node_modules/nan/package.json
20 verbose installManyTop reading scoped package data from /root/hackprinceton/Chef/node_modules/nodemon/package.json
21 verbose installManyTop reading scoped package data from /root/hackprinceton/Chef/node_modules/opencv/package.json
22 verbose installManyTop reading scoped package data from /root/hackprinceton/Chef/node_modules/quagga/package.json
23 verbose installManyTop reading scoped package data from /root/hackprinceton/Chef/node_modules/serve-favicon/package.json
24 verbose installManyTop reading scoped package data from /root/hackprinceton/Chef/node_modules/slideout/package.json
25 verbose installManyTop reading scoped package data from /root/hackprinceton/Chef/node_modules/unirest/package.json
26 verbose installManyTop reading scoped package data from /root/hackprinceton/Chef/node_modules/zbar/package.json
27 info package.json http@0.0.0 http is also the name of a node core module.
28 info package.json http@0.0.0 No description
29 info package.json http@0.0.0 No repository field.
30 info package.json http@0.0.0 No README data
31 info package.json math@0.0.3 No README data
32 info package.json math@0.0.3 homepage field must start with a protocol.
33 info package.json math@0.0.3 No license field.
34 info package.json zbar@0.0.4 No license field.
35 verbose readDependencies loading dependencies from /root/hackprinceton/Chef/package.json
36 silly cache add args [ 'node-opencv-zbar', null ]
37 verbose cache add spec node-opencv-zbar
38 silly cache add parsed spec Result {
38 silly cache add   raw: 'node-opencv-zbar',
38 silly cache add   scope: null,
38 silly cache add   name: 'node-opencv-zbar',
38 silly cache add   rawSpec: '',
38 silly cache add   spec: 'latest',
38 silly cache add   type: 'tag' }
39 silly addNamed node-opencv-zbar@latest
40 verbose addNamed "latest" is being treated as a dist-tag for node-opencv-zbar
41 info addNameTag [ 'node-opencv-zbar', 'latest' ]
42 silly mapToRegistry name node-opencv-zbar
43 silly mapToRegistry using default registry
44 silly mapToRegistry registry https://registry.npmjs.org/
45 silly mapToRegistry data Result {
45 silly mapToRegistry   raw: 'node-opencv-zbar',
45 silly mapToRegistry   scope: null,
45 silly mapToRegistry   name: 'node-opencv-zbar',
45 silly mapToRegistry   rawSpec: '',
45 silly mapToRegistry   spec: 'latest',
45 silly mapToRegistry   type: 'tag' }
46 silly mapToRegistry uri https://registry.npmjs.org/node-opencv-zbar
47 verbose addNameTag registry:https://registry.npmjs.org/node-opencv-zbar not in flight; fetching
48 verbose request uri https://registry.npmjs.org/node-opencv-zbar
49 verbose request no auth needed
50 info attempt registry request try #1 at 9:58:05 AM
51 verbose request id 8343f50f1da5f178
52 verbose etag "CXG2DVQB24BIBL451GL9Z06IQ"
53 http request GET https://registry.npmjs.org/node-opencv-zbar
54 http 304 https://registry.npmjs.org/node-opencv-zbar
55 verbose headers { date: 'Sun, 03 Apr 2016 09:58:05 GMT',
55 verbose headers   via: '1.1 varnish',
55 verbose headers   'cache-control': 'max-age=300',
55 verbose headers   etag: '"CXG2DVQB24BIBL451GL9Z06IQ"',
55 verbose headers   age: '0',
55 verbose headers   connection: 'keep-alive',
55 verbose headers   'x-served-by': 'cache-iad2144-IAD',
55 verbose headers   'x-cache': 'MISS',
55 verbose headers   'x-cache-hits': '0',
55 verbose headers   'x-timer': 'S1459677485.158517,VS0,VE91',
55 verbose headers   vary: 'Accept' }
56 silly get cb [ 304,
56 silly get   { date: 'Sun, 03 Apr 2016 09:58:05 GMT',
56 silly get     via: '1.1 varnish',
56 silly get     'cache-control': 'max-age=300',
56 silly get     etag: '"CXG2DVQB24BIBL451GL9Z06IQ"',
56 silly get     age: '0',
56 silly get     connection: 'keep-alive',
56 silly get     'x-served-by': 'cache-iad2144-IAD',
56 silly get     'x-cache': 'MISS',
56 silly get     'x-cache-hits': '0',
56 silly get     'x-timer': 'S1459677485.158517,VS0,VE91',
56 silly get     vary: 'Accept' } ]
57 verbose etag https://registry.npmjs.org/node-opencv-zbar from cache
58 verbose get saving node-opencv-zbar to /root/.npm/registry.npmjs.org/node-opencv-zbar/.cache.json
59 verbose correctMkdir /root/.npm correctMkdir not in flight; initializing
60 silly addNameTag next cb for node-opencv-zbar with tag latest
61 silly addNamed node-opencv-zbar@1.0.15
62 verbose addNamed "1.0.15" is a plain semver version for node-opencv-zbar
63 silly cache afterAdd node-opencv-zbar@1.0.15
64 verbose afterAdd /root/.npm/node-opencv-zbar/1.0.15/package/package.json not in flight; writing
65 verbose correctMkdir /root/.npm correctMkdir not in flight; initializing
66 verbose afterAdd /root/.npm/node-opencv-zbar/1.0.15/package/package.json written
67 silly install resolved [ { name: 'node-opencv-zbar',
67 silly install resolved     version: '1.0.15',
67 silly install resolved     description: 'Nodejs addon that helps to find barcodes in images captured by webcams.',
67 silly install resolved     main: 'index.js',
67 silly install resolved     scripts:
67 silly install resolved      { test: 'echo "Error: no test specified" && exit 1',
67 silly install resolved        install: 'node-gyp rebuild' },
67 silly install resolved     repository:
67 silly install resolved      { type: 'git',
67 silly install resolved        url: 'git+https://github.com/friverosicc/node-opencv-zbar.git' },
67 silly install resolved     keywords: [ 'Node', 'addon', 'zbar', 'opencv' ],
67 silly install resolved     author: { name: 'Francisco Riveros' },
67 silly install resolved     license: 'ISC',
67 silly install resolved     bugs: { url: 'https://github.com/friverosicc/node-opencv-zbar/issues' },
67 silly install resolved     homepage: 'https://github.com/friverosicc/node-opencv-zbar#readme',
67 silly install resolved     dependencies: { nan: '^2.0.5', underscore: '^1.8.3' },
67 silly install resolved     gypfile: true,
67 silly install resolved     gitHead: '73a2a816ca41e2524588ccb2d18c9af54a6e25a9',
67 silly install resolved     _id: 'node-opencv-zbar@1.0.15',
67 silly install resolved     _shasum: 'c067efc8d655648ebee8b1a008c0a15ace102748',
67 silly install resolved     _from: 'node-opencv-zbar@latest',
67 silly install resolved     _npmVersion: '3.5.1',
67 silly install resolved     _nodeVersion: '5.1.0',
67 silly install resolved     _npmUser: { name: 'friveros', email: 'friveros.icc@gmail.com' },
67 silly install resolved     dist:
67 silly install resolved      { shasum: 'c067efc8d655648ebee8b1a008c0a15ace102748',
67 silly install resolved        tarball: 'https://registry.npmjs.org/node-opencv-zbar/-/node-opencv-zbar-1.0.15.tgz' },
67 silly install resolved     maintainers: [ [Object] ],
67 silly install resolved     directories: {},
67 silly install resolved     _resolved: 'https://registry.npmjs.org/node-opencv-zbar/-/node-opencv-zbar-1.0.15.tgz',
67 silly install resolved     readme: 'ERROR: No README data found!' } ]
68 info install node-opencv-zbar@1.0.15 into /root/hackprinceton/Chef
69 info installOne node-opencv-zbar@1.0.15
70 verbose installOne of node-opencv-zbar to /root/hackprinceton/Chef not in flight; installing
71 verbose correctMkdir /root/.npm/_locks correctMkdir not in flight; initializing
72 verbose lock using /root/.npm/_locks/node-opencv-zbar-90686fdd3ae115d5.lock for /root/hackprinceton/Chef/node_modules/node-opencv-zbar
73 silly install write writing node-opencv-zbar 1.0.15 to /root/hackprinceton/Chef/node_modules/node-opencv-zbar
74 verbose unbuild node_modules/node-opencv-zbar
75 silly gentlyRm /root/hackprinceton/Chef/node_modules/node-opencv-zbar is being purged from base /root/hackprinceton/Chef
76 verbose gentlyRm don't care about contents; nuking /root/hackprinceton/Chef/node_modules/node-opencv-zbar
77 verbose tar unpack /root/.npm/node-opencv-zbar/1.0.15/package.tgz
78 verbose tar unpacking to /root/hackprinceton/Chef/node_modules/node-opencv-zbar
79 silly gentlyRm /root/hackprinceton/Chef/node_modules/node-opencv-zbar is being purged
80 verbose gentlyRm don't care about contents; nuking /root/hackprinceton/Chef/node_modules/node-opencv-zbar
81 silly gunzTarPerm modes [ '755', '644' ]
82 silly gunzTarPerm extractEntry package.json
83 silly gunzTarPerm modified mode [ 'package.json', 436, 420 ]
84 silly gunzTarPerm extractEntry .npmignore
85 silly gunzTarPerm modified mode [ '.npmignore', 436, 420 ]
86 silly gunzTarPerm extractEntry README.md
87 silly gunzTarPerm modified mode [ 'README.md', 436, 420 ]
88 silly gunzTarPerm extractEntry index.js
89 silly gunzTarPerm modified mode [ 'index.js', 436, 420 ]
90 silly gunzTarPerm extractEntry test.js
91 silly gunzTarPerm modified mode [ 'test.js', 436, 420 ]
92 silly gunzTarPerm extractEntry binding.gyp
93 silly gunzTarPerm modified mode [ 'binding.gyp', 436, 420 ]
94 silly gunzTarPerm extractEntry src/barcode_reader.cc
95 silly gunzTarPerm modified mode [ 'src/barcode_reader.cc', 436, 420 ]
96 silly gunzTarPerm extractEntry src/barcode_reader.h
97 silly gunzTarPerm modified mode [ 'src/barcode_reader.h', 436, 420 ]
98 verbose write writing to /root/hackprinceton/Chef/node_modules/node-opencv-zbar/package.json
99 info preinstall node-opencv-zbar@1.0.15
100 verbose readDependencies loading dependencies from /root/hackprinceton/Chef/node_modules/node-opencv-zbar/package.json
101 silly prepareForInstallMany adding underscore@^1.8.3 from node-opencv-zbar dependencies
102 verbose readDependencies loading dependencies from /root/hackprinceton/Chef/node_modules/node-opencv-zbar/package.json
103 silly cache add args [ 'underscore@^1.8.3', null ]
104 verbose cache add spec underscore@^1.8.3
105 silly cache add parsed spec Result {
105 silly cache add   raw: 'underscore@^1.8.3',
105 silly cache add   scope: null,
105 silly cache add   name: 'underscore',
105 silly cache add   rawSpec: '^1.8.3',
105 silly cache add   spec: '>=1.8.3 <2.0.0',
105 silly cache add   type: 'range' }
106 silly addNamed underscore@>=1.8.3 <2.0.0
107 verbose addNamed ">=1.8.3 <2.0.0" is a valid semver range for underscore
108 silly addNameRange { name: 'underscore', range: '>=1.8.3 <2.0.0', hasData: false }
109 silly mapToRegistry name underscore
110 silly mapToRegistry using default registry
111 silly mapToRegistry registry https://registry.npmjs.org/
112 silly mapToRegistry data Result {
112 silly mapToRegistry   raw: 'underscore',
112 silly mapToRegistry   scope: null,
112 silly mapToRegistry   name: 'underscore',
112 silly mapToRegistry   rawSpec: '',
112 silly mapToRegistry   spec: 'latest',
112 silly mapToRegistry   type: 'tag' }
113 silly mapToRegistry uri https://registry.npmjs.org/underscore
114 verbose addNameRange registry:https://registry.npmjs.org/underscore not in flight; fetching
115 verbose request uri https://registry.npmjs.org/underscore
116 verbose request no auth needed
117 info attempt registry request try #1 at 9:58:05 AM
118 verbose etag "1AQ57PWBXZ2GZ42OUOGPI502G"
119 http request GET https://registry.npmjs.org/underscore
120 http 304 https://registry.npmjs.org/underscore
121 verbose headers { date: 'Sun, 03 Apr 2016 09:58:05 GMT',
121 verbose headers   via: '1.1 varnish',
121 verbose headers   'cache-control': 'max-age=300',
121 verbose headers   etag: '"1AQ57PWBXZ2GZ42OUOGPI502G"',
121 verbose headers   age: '35',
121 verbose headers   connection: 'keep-alive',
121 verbose headers   'x-served-by': 'cache-iad2144-IAD',
121 verbose headers   'x-cache': 'HIT',
121 verbose headers   'x-cache-hits': '2',
121 verbose headers   'x-timer': 'S1459677485.425449,VS0,VE0',
121 verbose headers   vary: 'Accept' }
122 silly get cb [ 304,
122 silly get   { date: 'Sun, 03 Apr 2016 09:58:05 GMT',
122 silly get     via: '1.1 varnish',
122 silly get     'cache-control': 'max-age=300',
122 silly get     etag: '"1AQ57PWBXZ2GZ42OUOGPI502G"',
122 silly get     age: '35',
122 silly get     connection: 'keep-alive',
122 silly get     'x-served-by': 'cache-iad2144-IAD',
122 silly get     'x-cache': 'HIT',
122 silly get     'x-cache-hits': '2',
122 silly get     'x-timer': 'S1459677485.425449,VS0,VE0',
122 silly get     vary: 'Accept' } ]
123 verbose etag https://registry.npmjs.org/underscore from cache
124 verbose get saving underscore to /root/.npm/registry.npmjs.org/underscore/.cache.json
125 verbose correctMkdir /root/.npm correctMkdir not in flight; initializing
126 silly addNameRange number 2 { name: 'underscore', range: '>=1.8.3 <2.0.0', hasData: true }
127 silly addNameRange versions [ 'underscore',
127 silly addNameRange   [ '1.0.3',
127 silly addNameRange     '1.0.4',
127 silly addNameRange     '1.1.0',
127 silly addNameRange     '1.1.1',
127 silly addNameRange     '1.1.2',
127 silly addNameRange     '1.1.3',
127 silly addNameRange     '1.1.4',
127 silly addNameRange     '1.1.5',
127 silly addNameRange     '1.1.6',
127 silly addNameRange     '1.1.7',
127 silly addNameRange     '1.2.0',
127 silly addNameRange     '1.2.1',
127 silly addNameRange     '1.2.2',
127 silly addNameRange     '1.2.3',
127 silly addNameRange     '1.2.4',
127 silly addNameRange     '1.3.0',
127 silly addNameRange     '1.3.1',
127 silly addNameRange     '1.3.2',
127 silly addNameRange     '1.3.3',
127 silly addNameRange     '1.4.0',
127 silly addNameRange     '1.4.1',
127 silly addNameRange     '1.4.2',
127 silly addNameRange     '1.4.3',
127 silly addNameRange     '1.4.4',
127 silly addNameRange     '1.5.0',
127 silly addNameRange     '1.5.1',
127 silly addNameRange     '1.5.2',
127 silly addNameRange     '1.6.0',
127 silly addNameRange     '1.7.0',
127 silly addNameRange     '1.8.0',
127 silly addNameRange     '1.8.1',
127 silly addNameRange     '1.8.2',
127 silly addNameRange     '1.8.3' ] ]
128 silly addNamed underscore@1.8.3
129 verbose addNamed "1.8.3" is a plain semver version for underscore
130 silly cache afterAdd underscore@1.8.3
131 verbose afterAdd /root/.npm/underscore/1.8.3/package/package.json not in flight; writing
132 verbose correctMkdir /root/.npm correctMkdir not in flight; initializing
133 verbose afterAdd /root/.npm/underscore/1.8.3/package/package.json written
134 silly install resolved [ { name: 'underscore',
134 silly install resolved     description: 'JavaScript\'s functional programming helper library.',
134 silly install resolved     homepage: 'http://underscorejs.org',
134 silly install resolved     keywords: [ 'util', 'functional', 'server', 'client', 'browser' ],
134 silly install resolved     author: { name: 'Jeremy Ashkenas', email: 'jeremy@documentcloud.org' },
134 silly install resolved     repository:
134 silly install resolved      { type: 'git',
134 silly install resolved        url: 'git://github.com/jashkenas/underscore.git' },
134 silly install resolved     main: 'underscore.js',
134 silly install resolved     version: '1.8.3',
134 silly install resolved     devDependencies:
134 silly install resolved      { docco: '*',
134 silly install resolved        eslint: '0.6.x',
134 silly install resolved        karma: '~0.12.31',
134 silly install resolved        'karma-qunit': '~0.1.4',
134 silly install resolved        'qunit-cli': '~0.2.0',
134 silly install resolved        'uglify-js': '2.4.x' },
134 silly install resolved     scripts:
134 silly install resolved      { test: 'npm run test-node && npm run lint',
134 silly install resolved        lint: 'eslint underscore.js test/*.js',
134 silly install resolved        'test-node': 'qunit-cli test/*.js',
134 silly install resolved        'test-browser': 'npm i karma-phantomjs-launcher && ./node_modules/karma/bin/karma start',
134 silly install resolved        build: 'uglifyjs underscore.js -c "evaluate=false" --comments "/    .*/" -m --source-map underscore-min.map -o underscore-min.js',
134 silly install resolved        doc: 'docco underscore.js' },
134 silly install resolved     license: 'MIT',
134 silly install resolved     files:
134 silly install resolved      [ 'underscore.js',
134 silly install resolved        'underscore-min.js',
134 silly install resolved        'underscore-min.map',
134 silly install resolved        'LICENSE' ],
134 silly install resolved     gitHead: 'e4743ab712b8ab42ad4ccb48b155034d02394e4d',
134 silly install resolved     bugs: { url: 'https://github.com/jashkenas/underscore/issues' },
134 silly install resolved     _id: 'underscore@1.8.3',
134 silly install resolved     _shasum: '4f3fb53b106e6097fcf9cb4109f2a5e9bdfa5022',
134 silly install resolved     _from: 'underscore@>=1.8.3 <2.0.0',
134 silly install resolved     _npmVersion: '1.4.28',
134 silly install resolved     _npmUser: { name: 'jashkenas', email: 'jashkenas@gmail.com' },
134 silly install resolved     maintainers: [ [Object] ],
134 silly install resolved     dist:
134 silly install resolved      { shasum: '4f3fb53b106e6097fcf9cb4109f2a5e9bdfa5022',
134 silly install resolved        tarball: 'https://registry.npmjs.org/underscore/-/underscore-1.8.3.tgz' },
134 silly install resolved     directories: {},
134 silly install resolved     _resolved: 'https://registry.npmjs.org/underscore/-/underscore-1.8.3.tgz',
134 silly install resolved     readme: 'ERROR: No README data found!' } ]
135 info install underscore@1.8.3 into /root/hackprinceton/Chef/node_modules/node-opencv-zbar
136 info installOne underscore@1.8.3
137 verbose installOne of underscore to /root/hackprinceton/Chef/node_modules/node-opencv-zbar not in flight; installing
138 verbose correctMkdir /root/.npm/_locks correctMkdir not in flight; initializing
139 verbose lock using /root/.npm/_locks/underscore-1a5659667945895b.lock for /root/hackprinceton/Chef/node_modules/node-opencv-zbar/node_modules/underscore
140 silly install write writing underscore 1.8.3 to /root/hackprinceton/Chef/node_modules/node-opencv-zbar/node_modules/underscore
141 verbose unbuild node_modules/node-opencv-zbar/node_modules/underscore
142 silly gentlyRm /root/hackprinceton/Chef/node_modules/node-opencv-zbar/node_modules/underscore is being purged from base /root/hackprinceton/Chef
143 verbose gentlyRm don't care about contents; nuking /root/hackprinceton/Chef/node_modules/node-opencv-zbar/node_modules/underscore
144 verbose tar unpack /root/.npm/underscore/1.8.3/package.tgz
145 verbose tar unpacking to /root/hackprinceton/Chef/node_modules/node-opencv-zbar/node_modules/underscore
146 silly gentlyRm /root/hackprinceton/Chef/node_modules/node-opencv-zbar/node_modules/underscore is being purged
147 verbose gentlyRm don't care about contents; nuking /root/hackprinceton/Chef/node_modules/node-opencv-zbar/node_modules/underscore
148 silly gunzTarPerm modes [ '755', '644' ]
149 silly gunzTarPerm extractEntry package.json
150 silly gunzTarPerm extractEntry README.md
151 silly gunzTarPerm extractEntry LICENSE
152 silly gunzTarPerm extractEntry underscore.js
153 silly gunzTarPerm extractEntry underscore-min.js
154 silly gunzTarPerm extractEntry underscore-min.map
155 verbose write writing to /root/hackprinceton/Chef/node_modules/node-opencv-zbar/node_modules/underscore/package.json
156 info preinstall underscore@1.8.3
157 verbose readDependencies loading dependencies from /root/hackprinceton/Chef/node_modules/node-opencv-zbar/node_modules/underscore/package.json
158 verbose readDependencies loading dependencies from /root/hackprinceton/Chef/node_modules/node-opencv-zbar/node_modules/underscore/package.json
159 silly install resolved []
160 verbose about to build /root/hackprinceton/Chef/node_modules/node-opencv-zbar/node_modules/underscore
161 info build /root/hackprinceton/Chef/node_modules/node-opencv-zbar/node_modules/underscore
162 info linkStuff underscore@1.8.3
163 silly linkStuff underscore@1.8.3 has /root/hackprinceton/Chef/node_modules/node-opencv-zbar/node_modules as its parent node_modules
164 verbose linkBins underscore@1.8.3
165 verbose linkMans underscore@1.8.3
166 verbose rebuildBundles underscore@1.8.3
167 info install underscore@1.8.3
168 info postinstall underscore@1.8.3
169 verbose unlock done using /root/.npm/_locks/underscore-1a5659667945895b.lock for /root/hackprinceton/Chef/node_modules/node-opencv-zbar/node_modules/underscore
170 verbose about to build /root/hackprinceton/Chef/node_modules/node-opencv-zbar
171 info build /root/hackprinceton/Chef/node_modules/node-opencv-zbar
172 info linkStuff node-opencv-zbar@1.0.15
173 silly linkStuff node-opencv-zbar@1.0.15 has /root/hackprinceton/Chef/node_modules as its parent node_modules
174 verbose linkBins node-opencv-zbar@1.0.15
175 verbose linkMans node-opencv-zbar@1.0.15
176 verbose rebuildBundles node-opencv-zbar@1.0.15
177 verbose rebuildBundles [ 'underscore' ]
178 info install node-opencv-zbar@1.0.15
179 verbose unsafe-perm in lifecycle false
180 info node-opencv-zbar@1.0.15 Failed to exec install script
181 verbose unlock done using /root/.npm/_locks/node-opencv-zbar-90686fdd3ae115d5.lock for /root/hackprinceton/Chef/node_modules/node-opencv-zbar
182 verbose stack Error: node-opencv-zbar@1.0.15 install: `node-gyp rebuild`
182 verbose stack Exit status 1
182 verbose stack     at EventEmitter.<anonymous> (/usr/lib/node_modules/npm/lib/utils/lifecycle.js:217:16)
182 verbose stack     at emitTwo (events.js:87:13)
182 verbose stack     at EventEmitter.emit (events.js:172:7)
182 verbose stack     at ChildProcess.<anonymous> (/usr/lib/node_modules/npm/lib/utils/spawn.js:24:14)
182 verbose stack     at emitTwo (events.js:87:13)
182 verbose stack     at ChildProcess.emit (events.js:172:7)
182 verbose stack     at maybeClose (internal/child_process.js:827:16)
182 verbose stack     at Process.ChildProcess._handle.onexit (internal/child_process.js:211:5)
183 verbose pkgid node-opencv-zbar@1.0.15
184 verbose cwd /root/hackprinceton/Chef
185 error Linux 4.5.0-x86_64-linode65
186 error argv "/usr/bin/nodejs" "/usr/bin/npm" "install" "node-opencv-zbar" "--save"
187 error node v4.4.2
188 error npm  v2.15.0
189 error code ELIFECYCLE
190 error node-opencv-zbar@1.0.15 install: `node-gyp rebuild`
190 error Exit status 1
191 error Failed at the node-opencv-zbar@1.0.15 install script 'node-gyp rebuild'.
191 error This is most likely a problem with the node-opencv-zbar package,
191 error not with npm itself.
191 error Tell the author that this fails on your system:
191 error     node-gyp rebuild
191 error You can get information on how to open an issue for this project with:
191 error     npm bugs node-opencv-zbar
191 error Or if that isn't available, you can get their info via:
191 error
191 error     npm owner ls node-opencv-zbar
191 error There is likely additional logging output above.
192 verbose exit [ 1, true ]
193 verbose unbuild node_modules/node-opencv-zbar
194 info preuninstall node-opencv-zbar@1.0.15
195 info uninstall node-opencv-zbar@1.0.15
196 verbose unbuild rmStuff node-opencv-zbar@1.0.15 from /root/hackprinceton/Chef/node_modules
197 info postuninstall node-opencv-zbar@1.0.15
198 silly gentlyRm /root/hackprinceton/Chef/node_modules/node-opencv-zbar is being purged from base /root/hackprinceton/Chef
199 verbose gentlyRm don't care about contents; nuking /root/hackprinceton/Chef/node_modules/node-opencv-zbar
200 silly vacuum-fs purging /root/hackprinceton/Chef/node_modules/node-opencv-zbar
201 silly vacuum-fs quitting because other entries in /root/hackprinceton/Chef/node_modules
